<?xml version="1.0" encoding="UTF-8"?>
<testsuite xmlns:xsi="http://www.w3.org/2001/XMLSchema-instance" xsi:noNamespaceSchemaLocation="https://maven.apache.org/surefire/maven-surefire-plugin/xsd/surefire-test-report-3.0.xsd" version="3.0" name="com.example.flink.utils.ConstantsTest" time="0.029" tests="14" errors="0" skipped="0" failures="0">
  <properties>
[...]
</properties>
  <testcase name="testLogMessageConstants" classname="com.example.flink.utils.ConstantsTest" time="0.001"/>
  <testcase name="testEntityTypeConstants" classname="com.example.flink.utils.ConstantsTest" time="0"/>
  <testcase name="testFileFormatConstants" classname="com.example.flink.utils.ConstantsTest" time="0"/>
  <testcase name="testFilePathConstants" classname="com.example.flink.utils.ConstantsTest" time="0"/>
  <testcase name="testStatusConstants" classname="com.example.flink.utils.ConstantsTest" time="0"/>
  <testcase name="testAccountTypeConstants" classname="com.example.flink.utils.ConstantsTest" time="0.001"/>
  <testcase name="testConstantsClassCannotBeInstantiated" classname="com.example.flink.utils.ConstantsTest" time="0.004"/>
  <testcase name="testBusinessLogicConstants" classname="com.example.flink.utils.ConstantsTest" time="0.002"/>
  <testcase name="testProcessingConstants" classname="com.example.flink.utils.ConstantsTest" time="0.001"/>
  <testcase name="testCashProcessingConstants" classname="com.example.flink.utils.ConstantsTest" time="0"/>
  <testcase name="testCalculationMethodConstants" classname="com.example.flink.utils.ConstantsTest" time="0.001"/>
  <testcase name="testErrorMessageConstants" classname="com.example.flink.utils.ConstantsTest" time="0"/>
  <testcase name="testRiskWeightConstants" classname="com.example.flink.utils.ConstantsTest" time="0"/>
  <testcase name="testConcentrationThresholds" classname="com.example.flink.utils.ConstantsTest" time="0.004"/>
</testsuite>